# JRE version: OpenJDK Runtime Environment (8.0_152-b01) (build 1.8.0_152-release-915-b01)
# Java VM: OpenJDK 64-Bit Server VM (25.152-b01 mixed mode windows-amd64 compressed oops)
Heap:
 PSYoungGen      total 318464K, used 169397K [0x00000000e0000000, 0x00000000f9500000, 0x0000000100000000)
  eden space 278528K, 47% used [0x00000000e0000000,0x00000000e8137838,0x00000000f1000000)
  from space 39936K, 92% used [0x00000000f1000000,0x00000000f3435d20,0x00000000f3700000)
  to   space 44032K, 0% used [0x00000000f6a00000,0x00000000f6a00000,0x00000000f9500000)
 ParOldGen       total 166912K, used 92691K [0x00000000a0000000, 0x00000000aa300000, 0x00000000e0000000)
  object space 166912K, 55% used [0x00000000a0000000,0x00000000a5a84d40,0x00000000aa300000)
 Metaspace       used 84007K, capacity 88478K, committed 88576K, reserved 1126400K
  class space    used 10667K, capacity 11728K, committed 11776K, reserved 1048576K
GC Heap History (10 events):
Event: 132.520 GC heap before
{Heap before GC invocations=26 (full 3):
 PSYoungGen      total 245248K, used 231021K [0x00000000e0000000, 0x00000000f1880000, 0x0000000100000000)
  eden space 209408K, 100% used [0x00000000e0000000,0x00000000ecc80000,0x00000000ecc80000)
  from space 35840K, 60% used [0x00000000eef80000,0x00000000f049b6f8,0x00000000f1280000)
  to   space 35840K, 0% used [0x00000000ecc80000,0x00000000ecc80000,0x00000000eef80000)
 ParOldGen       total 166912K, used 76602K [0x00000000a0000000, 0x00000000aa300000, 0x00000000e0000000)
  object space 166912K, 45% used [0x00000000a0000000,0x00000000a4ace818,0x00000000aa300000)
 Metaspace       used 83493K, capacity 87976K, committed 88320K, reserved 1126400K
  class space    used 10628K, capacity 11683K, committed 11776K, reserved 1048576K
Event: 132.546 GC heap after
Heap after GC invocations=26 (full 3):
 PSYoungGen      total 245248K, used 25858K [0x00000000e0000000, 0x00000000f3500000, 0x0000000100000000)
  eden space 209408K, 0% used [0x00000000e0000000,0x00000000e0000000,0x00000000ecc80000)
  from space 35840K, 72% used [0x00000000ecc80000,0x00000000ee5c0a78,0x00000000eef80000)
  to   space 37376K, 0% used [0x00000000f1080000,0x00000000f1080000,0x00000000f3500000)
 ParOldGen       total 166912K, used 76610K [0x00000000a0000000, 0x00000000aa300000, 0x00000000e0000000)
  object space 166912K, 45% used [0x00000000a0000000,0x00000000a4ad0818,0x00000000aa300000)
 Metaspace       used 83493K, capacity 87976K, committed 88320K, reserved 1126400K
  class space    used 10628K, capacity 11683K, committed 11776K, reserved 1048576K
}
Event: 133.072 GC heap before
{Heap before GC invocations=27 (full 3):
 PSYoungGen      total 245248K, used 235266K [0x00000000e0000000, 0x00000000f3500000, 0x0000000100000000)
  eden space 209408K, 100% used [0x00000000e0000000,0x00000000ecc80000,0x00000000ecc80000)
  from space 35840K, 72% used [0x00000000ecc80000,0x00000000ee5c0a78,0x00000000eef80000)
  to   space 37376K, 0% used [0x00000000f1080000,0x00000000f1080000,0x00000000f3500000)
 ParOldGen       total 166912K, used 76620K [0x00000000a0000000, 0x00000000aa300000, 0x00000000e0000000)
  object space 166912K, 45% used [0x00000000a0000000,0x00000000a4ad31e0,0x00000000aa300000)
 Metaspace       used 83579K, capacity 88048K, committed 88320K, reserved 1126400K
  class space    used 10628K, capacity 11683K, committed 11776K, reserved 1048576K
Event: 133.098 GC heap after
Heap after GC invocations=27 (full 3):
 PSYoungGen      total 277504K, used 27533K [0x00000000e0000000, 0x00000000f3f00000, 0x0000000100000000)
  eden space 240128K, 0% used [0x00000000e0000000,0x00000000e0000000,0x00000000eea80000)
  from space 37376K, 73% used [0x00000000f1080000,0x00000000f2b636f8,0x00000000f3500000)
  to   space 38912K, 0% used [0x00000000eea80000,0x00000000eea80000,0x00000000f1080000)
 ParOldGen       total 166912K, used 76628K [0x00000000a0000000, 0x00000000aa300000, 0x00000000e0000000)
  object space 166912K, 45% used [0x00000000a0000000,0x00000000a4ad51e0,0x00000000aa300000)
 Metaspace       used 83579K, capacity 88048K, committed 88320K, reserved 1126400K
  class space    used 10628K, capacity 11683K, committed 11776K, reserved 1048576K
}
Event: 133.677 GC heap before
{Heap before GC invocations=28 (full 3):
 PSYoungGen      total 277504K, used 267661K [0x00000000e0000000, 0x00000000f3f00000, 0x0000000100000000)
  eden space 240128K, 100% used [0x00000000e0000000,0x00000000eea80000,0x00000000eea80000)
  from space 37376K, 73% used [0x00000000f1080000,0x00000000f2b636f8,0x00000000f3500000)
  to   space 38912K, 0% used [0x00000000eea80000,0x00000000eea80000,0x00000000f1080000)
 ParOldGen       total 166912K, used 76630K [0x00000000a0000000, 0x00000000aa300000, 0x00000000e0000000)
  object space 166912K, 45% used [0x00000000a0000000,0x00000000a4ad5aa8,0x00000000aa300000)
 Metaspace       used 83621K, capacity 88112K, committed 88320K, reserved 1126400K
  class space    used 10628K, capacity 11683K, committed 11776K, reserved 1048576K
Event: 133.706 GC heap after
Heap after GC invocations=28 (full 3):
 PSYoungGen      total 279040K, used 27806K [0x00000000e0000000, 0x00000000f5e80000, 0x0000000100000000)
  eden space 240128K, 0% used [0x00000000e0000000,0x00000000e0000000,0x00000000eea80000)
  from space 38912K, 71% used [0x00000000eea80000,0x00000000f05a7b60,0x00000000f1080000)
  to   space 40448K, 0% used [0x00000000f3700000,0x00000000f3700000,0x00000000f5e80000)
 ParOldGen       total 166912K, used 76638K [0x00000000a0000000, 0x00000000aa300000, 0x00000000e0000000)
  object space 166912K, 45% used [0x00000000a0000000,0x00000000a4ad7aa8,0x00000000aa300000)
 Metaspace       used 83621K, capacity 88112K, committed 88320K, reserved 1126400K
  class space    used 10628K, capacity 11683K, committed 11776K, reserved 1048576K
}
Event: 134.202 GC heap before
{Heap before GC invocations=29 (full 3):
 PSYoungGen      total 279040K, used 267934K [0x00000000e0000000, 0x00000000f5e80000, 0x0000000100000000)
  eden space 240128K, 100% used [0x00000000e0000000,0x00000000eea80000,0x00000000eea80000)
  from space 38912K, 71% used [0x00000000eea80000,0x00000000f05a7b60,0x00000000f1080000)
  to   space 40448K, 0% used [0x00000000f3700000,0x00000000f3700000,0x00000000f5e80000)
 ParOldGen       total 166912K, used 76638K [0x00000000a0000000, 0x00000000aa300000, 0x00000000e0000000)
  object space 166912K, 45% used [0x00000000a0000000,0x00000000a4ad7aa8,0x00000000aa300000)
 Metaspace       used 83631K, capacity 88112K, committed 88320K, reserved 1126400K
  class space    used 10628K, capacity 11683K, committed 11776K, reserved 1048576K
Event: 134.231 GC heap after
Heap after GC invocations=29 (full 3):
 PSYoungGen      total 318976K, used 23681K [0x00000000e0000000, 0x00000000f6080000, 0x0000000100000000)
  eden space 278528K, 0% used [0x00000000e0000000,0x00000000e0000000,0x00000000f1000000)
  from space 40448K, 58% used [0x00000000f3700000,0x00000000f4e20728,0x00000000f5e80000)
  to   space 39936K, 0% used [0x00000000f1000000,0x00000000f1000000,0x00000000f3700000)
 ParOldGen       total 166912K, used 85666K [0x00000000a0000000, 0x00000000aa300000, 0x00000000e0000000)
  object space 166912K, 51% used [0x00000000a0000000,0x00000000a53a88a8,0x00000000aa300000)
 Metaspace       used 83631K, capacity 88112K, committed 88320K, reserved 1126400K
  class space    used 10628K, capacity 11683K, committed 11776K, reserved 1048576K
}
Event: 135.155 GC heap before
{Heap before GC invocations=30 (full 3):
 PSYoungGen      total 318976K, used 302209K [0x00000000e0000000, 0x00000000f6080000, 0x0000000100000000)
  eden space 278528K, 100% used [0x00000000e0000000,0x00000000f1000000,0x00000000f1000000)
  from space 40448K, 58% used [0x00000000f3700000,0x00000000f4e20728,0x00000000f5e80000)
  to   space 39936K, 0% used [0x00000000f1000000,0x00000000f1000000,0x00000000f3700000)
 ParOldGen       total 166912K, used 85666K [0x00000000a0000000, 0x00000000aa300000, 0x00000000e0000000)
  object space 166912K, 51% used [0x00000000a0000000,0x00000000a53a88a8,0x00000000aa300000)
 Metaspace       used 83694K, capacity 88232K, committed 88576K, reserved 1126400K
  class space    used 10635K, capacity 11719K, committed 11776K, reserved 1048576K
Event: 135.193 GC heap after
Heap after GC invocations=30 (full 3):
 PSYoungGen      total 318464K, used 37079K [0x00000000e0000000, 0x00000000f9500000, 0x0000000100000000)
  eden space 278528K, 0% used [0x00000000e0000000,0x00000000e0000000,0x00000000f1000000)
  from space 39936K, 92% used [0x00000000f1000000,0x00000000f3435d20,0x00000000f3700000)
  to   space 44032K, 0% used [0x00000000f6a00000,0x00000000f6a00000,0x00000000f9500000)
 ParOldGen       total 166912K, used 92691K [0x00000000a0000000, 0x00000000aa300000, 0x00000000e0000000)
  object space 166912K, 55% used [0x00000000a0000000,0x00000000a5a84d40,0x00000000aa300000)
 Metaspace       used 83694K, capacity 88232K, committed 88576K, reserved 1126400K
  class space    used 10635K, capacity 11719K, committed 11776K, reserved 1048576K
}

